DEBUG - 2025-08-07 20:37:06 --> Session: Class initialized using 'CodeIgniter\Session\Handlers\FileHandler' driver.
DEBUG - 2025-08-07 20:37:31 --> Session: Class initialized using 'CodeIgniter\Session\Handlers\FileHandler' driver.
DEBUG - 2025-08-07 20:37:41 --> Session: Class initialized using 'CodeIgniter\Session\Handlers\FileHandler' driver.
DEBUG - 2025-08-07 20:38:16 --> Session: Class initialized using 'CodeIgniter\Session\Handlers\FileHandler' driver.
ERROR - 2025-08-07 20:52:05 --> mysqli_sql_exception: Cannot delete or update a parent row: a foreign key constraint fails (`bdd_proyecto_completo`.`compras`, CONSTRAINT `compras_ibfk_1` FOREIGN KEY (`id_producto`) REFERENCES `productos` (`id_producto`)) in C:\xampp\htdocs\ProyectoCompleto\system\Database\MySQLi\Connection.php:327
Stack trace:
#0 C:\xampp\htdocs\ProyectoCompleto\system\Database\MySQLi\Connection.php(327): mysqli->query('CALL SP_ELIMINA...', 0)
#1 C:\xampp\htdocs\ProyectoCompleto\system\Database\BaseConnection.php(738): CodeIgniter\Database\MySQLi\Connection->execute('CALL SP_ELIMINA...')
#2 C:\xampp\htdocs\ProyectoCompleto\system\Database\BaseConnection.php(652): CodeIgniter\Database\BaseConnection->simpleQuery('CALL SP_ELIMINA...')
#3 C:\xampp\htdocs\ProyectoCompleto\app\Models\ProductoModel.php(38): CodeIgniter\Database\BaseConnection->query('CALL SP_ELIMINA...', Array)
#4 C:\xampp\htdocs\ProyectoCompleto\app\Controllers\Api\ProductoApi.php(33): App\Models\ProductoModel->eliminarProductoSP('1')
#5 C:\xampp\htdocs\ProyectoCompleto\system\CodeIgniter.php(933): App\Controllers\Api\ProductoApi->delete('1')
#6 C:\xampp\htdocs\ProyectoCompleto\system\CodeIgniter.php(507): CodeIgniter\CodeIgniter->runController(Object(App\Controllers\Api\ProductoApi))
#7 C:\xampp\htdocs\ProyectoCompleto\system\CodeIgniter.php(354): CodeIgniter\CodeIgniter->handleRequest(NULL, Object(Config\Cache), false)
#8 C:\xampp\htdocs\ProyectoCompleto\system\Boot.php(334): CodeIgniter\CodeIgniter->run()
#9 C:\xampp\htdocs\ProyectoCompleto\system\Boot.php(67): CodeIgniter\Boot::runCodeIgniter(Object(CodeIgniter\CodeIgniter))
#10 C:\xampp\htdocs\ProyectoCompleto\index.php(61): CodeIgniter\Boot::bootWeb(Object(Config\Paths))
#11 {main}
CRITICAL - 2025-08-07 20:52:05 --> CodeIgniter\Database\Exceptions\DatabaseException: Cannot delete or update a parent row: a foreign key constraint fails (`bdd_proyecto_completo`.`compras`, CONSTRAINT `compras_ibfk_1` FOREIGN KEY (`id_producto`) REFERENCES `productos` (`id_producto`))
[Method: DELETE, Route: api/productos/1]
in SYSTEMPATH\Database\BaseConnection.php on line 692.
 1 APPPATH\Models\ProductoModel.php(38): CodeIgniter\Database\BaseConnection->query('CALL SP_ELIMINAR_PRODUCTO(?)', [...])
 2 APPPATH\Controllers\Api\ProductoApi.php(33): App\Models\ProductoModel->eliminarProductoSP('1')
 3 SYSTEMPATH\CodeIgniter.php(933): App\Controllers\Api\ProductoApi->delete('1')
 4 SYSTEMPATH\CodeIgniter.php(507): CodeIgniter\CodeIgniter->runController(Object(App\Controllers\Api\ProductoApi))
 5 SYSTEMPATH\CodeIgniter.php(354): CodeIgniter\CodeIgniter->handleRequest(null, Object(Config\Cache), false)
 6 SYSTEMPATH\Boot.php(334): CodeIgniter\CodeIgniter->run()
 7 SYSTEMPATH\Boot.php(67): CodeIgniter\Boot::runCodeIgniter(Object(CodeIgniter\CodeIgniter))
 8 FCPATH\index.php(61): CodeIgniter\Boot::bootWeb(Object(Config\Paths))
CRITICAL - 2025-08-07 20:52:05 --> [Caused by] CodeIgniter\Database\Exceptions\DatabaseException: Cannot delete or update a parent row: a foreign key constraint fails (`bdd_proyecto_completo`.`compras`, CONSTRAINT `compras_ibfk_1` FOREIGN KEY (`id_producto`) REFERENCES `productos` (`id_producto`))
in SYSTEMPATH\Database\MySQLi\Connection.php on line 332.
 1 SYSTEMPATH\Database\BaseConnection.php(738): CodeIgniter\Database\MySQLi\Connection->execute('CALL SP_ELIMINAR_PRODUCTO(\'1\')')
 2 SYSTEMPATH\Database\BaseConnection.php(652): CodeIgniter\Database\BaseConnection->simpleQuery('CALL SP_ELIMINAR_PRODUCTO(\'1\')')
 3 APPPATH\Models\ProductoModel.php(38): CodeIgniter\Database\BaseConnection->query('CALL SP_ELIMINAR_PRODUCTO(?)', [...])
 4 APPPATH\Controllers\Api\ProductoApi.php(33): App\Models\ProductoModel->eliminarProductoSP('1')
 5 SYSTEMPATH\CodeIgniter.php(933): App\Controllers\Api\ProductoApi->delete('1')
 6 SYSTEMPATH\CodeIgniter.php(507): CodeIgniter\CodeIgniter->runController(Object(App\Controllers\Api\ProductoApi))
 7 SYSTEMPATH\CodeIgniter.php(354): CodeIgniter\CodeIgniter->handleRequest(null, Object(Config\Cache), false)
 8 SYSTEMPATH\Boot.php(334): CodeIgniter\CodeIgniter->run()
 9 SYSTEMPATH\Boot.php(67): CodeIgniter\Boot::runCodeIgniter(Object(CodeIgniter\CodeIgniter))
10 FCPATH\index.php(61): CodeIgniter\Boot::bootWeb(Object(Config\Paths))
CRITICAL - 2025-08-07 20:52:05 --> [Caused by] mysqli_sql_exception: Cannot delete or update a parent row: a foreign key constraint fails (`bdd_proyecto_completo`.`compras`, CONSTRAINT `compras_ibfk_1` FOREIGN KEY (`id_producto`) REFERENCES `productos` (`id_producto`))
in SYSTEMPATH\Database\MySQLi\Connection.php on line 327.
 1 SYSTEMPATH\Database\MySQLi\Connection.php(327): mysqli->query('CALL SP_ELIMINAR_PRODUCTO(\'1\')', 0)
 2 SYSTEMPATH\Database\BaseConnection.php(738): CodeIgniter\Database\MySQLi\Connection->execute('CALL SP_ELIMINAR_PRODUCTO(\'1\')')
 3 SYSTEMPATH\Database\BaseConnection.php(652): CodeIgniter\Database\BaseConnection->simpleQuery('CALL SP_ELIMINAR_PRODUCTO(\'1\')')
 4 APPPATH\Models\ProductoModel.php(38): CodeIgniter\Database\BaseConnection->query('CALL SP_ELIMINAR_PRODUCTO(?)', [...])
 5 APPPATH\Controllers\Api\ProductoApi.php(33): App\Models\ProductoModel->eliminarProductoSP('1')
 6 SYSTEMPATH\CodeIgniter.php(933): App\Controllers\Api\ProductoApi->delete('1')
 7 SYSTEMPATH\CodeIgniter.php(507): CodeIgniter\CodeIgniter->runController(Object(App\Controllers\Api\ProductoApi))
 8 SYSTEMPATH\CodeIgniter.php(354): CodeIgniter\CodeIgniter->handleRequest(null, Object(Config\Cache), false)
 9 SYSTEMPATH\Boot.php(334): CodeIgniter\CodeIgniter->run()
10 SYSTEMPATH\Boot.php(67): CodeIgniter\Boot::runCodeIgniter(Object(CodeIgniter\CodeIgniter))
11 FCPATH\index.php(61): CodeIgniter\Boot::bootWeb(Object(Config\Paths))
